Adventure server 0.1.6; Mon Aug 26 21:53:39 2013
2 registered players.
Using port 25600.
Player 1 connected.
Player 1 is lszabi.
Player 1 disconnected.
Shutdown started by admin.
Will now quit: Mon Aug 26 21:55:00 2013

Adventure server 0.1.6; Mon Aug 26 21:56:14 2013
2 registered players.
Using port 25600.
Player 1 connected.
Player 1 is lszabi.
Shutdown started by lszabi.
Player 1 disconnected.
Will now quit: Mon Aug 26 21:58:18 2013

Adventure server 0.1.6; Mon Aug 26 22:10:13 2013
2 registered players.
Using port 25600.
Player 1 connected.
Player 1 is lszabi.
Shutdown started by lszabi.
Player 1 disconnected.
Will now quit: Mon Aug 26 22:11:02 2013

Adventure server 0.1.6; Mon Aug 26 22:11:10 2013
2 registered players.
Using port 25600.
Player 1 connected.
Player 1 is lszabi.
lszabi made lszabi an non-RCON.admin made lszabi an RCON.Shutdown started by lszabi.
Player 1 disconnected.
Will now quit: Mon Aug 26 22:12:03 2013

Adventure server 0.1.6; Tue Aug 27 19:57:19 2013
2 registered players.
Using port 25600.
Player 1 connected.
Player 1 is lszabi.
lszabi made lszabi an RCON.
Shutdown started by lszabi.
Player 1 disconnected.
Will now quit: Tue Aug 27 19:58:24 2013

Adventure server 0.1.6; Tue Aug 27 20:06:49 2013
2 registered players.
Using port 25600.
Player 1 connected.
Player 1 is lszabi.
Player 1 disconnected.
Player 2 connected.
Player 2 is lszabi.
admin made lszabi an RCON.
Shutdown started by admin.
Player 2 disconnected.
Will now quit: Tue Aug 27 20:07:45 2013

Adventure server 0.1.6; Tue Aug 27 20:07:51 2013
2 registered players.
Using port 25600.
Player 1 connected.
Player 1 is lszabi.
admin banned lszabi.
Player 1 disconnected.
Player 2 connected.
Player 2 disconnected.
Player 1 connected.
Player 1 disconnected.
admin unbanned lszabi.
Player 2 connected.
Player 2 is lszabi.
admin banned lszabi.
Player 2 disconnected.
admin unbanned lszabi.
Shutdown started by admin.
Will now quit: Tue Aug 27 20:12:35 2013

Adventure server 0.1.6; Tue Aug 27 20:26:40 2013
2 registered players.
Using port 10.
Player 1 connected.
Player 1 disconnected.
Shutdown started by admin.
Will now quit: Tue Aug 27 20:26:56 2013

Adventure server 0.1.6; Tue Aug 27 20:27:09 2013
2 registered players.
Using port 0.
Shutdown started by admin.
Will now quit: Tue Aug 27 20:27:28 2013

Adventure server 0.1.6; Tue Aug 27 20:27:30 2013
2 registered players.
Using port 25600.
Player 1 connected.
Player 1 disconnected.
Shutdown started by admin.
Will now quit: Tue Aug 27 20:27:58 2013

Adventure server 0.1.6; Thu Aug 29 17:52:29 2013
2 registered players.
Using port 25600.
Player 1 connected.
New player: asdf, id 1.
Player 1 disconnected.
Shutdown started by admin.
Will now quit: Thu Aug 29 17:53:18 2013

