Adventure server 0.1.0 started on Wed Dec  3 16:40:18 2014

Shut down by admin.
Server closed on Wed Dec  3 16:40:48 2014


Adventure server 0.1.0 started on Wed Dec  3 16:40:51 2014

Server paused by admin.
Server unpaused by admin.
Close signal detected.
Server closed on Wed Dec  3 16:41:29 2014


Adventure server 0.1.0 started on Wed Dec  3 16:42:36 2014

Close signal detected.
Server closed on Wed Dec  3 16:42:46 2014


Adventure server 0.1.0 started on Wed Dec  3 16:52:41 2014

Close signal detected.
Server closed on Wed Dec  3 16:53:46 2014


Adventure server 0.1.0 started on Wed Dec  3 21:08:19 2014

Close signal detected.
Server closed on Wed Dec  3 21:08:34 2014


Adventure server 0.1.0 started on Wed Dec  3 21:27:52 2014

Close signal detected.
Server closed on Wed Dec  3 21:28:07 2014


Adventure server 0.1.0 started on Mon Dec  8 18:43:55 2014

Close signal detected.
Server closed on Mon Dec  8 18:47:27 2014


Adventure server 0.1.0 started on Mon Dec  8 18:48:26 2014

Close signal detected.
Server closed on Mon Dec  8 18:48:37 2014


Adventure server 0.1.0 started on Mon Dec  8 18:52:41 2014

Close signal detected.
Server closed on Mon Dec  8 18:52:53 2014


Adventure server 0.1.0 started on Mon Dec  8 18:52:54 2014

Close signal detected.
Server closed on Mon Dec  8 18:53:27 2014


Adventure server 0.1.0 started on Mon Dec  8 18:56:27 2014

Close signal detected.
Server closed on Mon Dec  8 18:59:33 2014


Adventure server 0.1.0 started on Tue Dec  9 21:46:19 2014

Close signal detected.
Server closed on Tue Dec  9 21:46:52 2014


Adventure server 0.1.0 started on Tue Dec  9 21:48:32 2014

Close signal detected.
Server closed on Tue Dec  9 21:48:47 2014


Adventure server 0.1.0 started on Tue Dec  9 21:49:39 2014

Close signal detected.
Server closed on Tue Dec  9 21:50:26 2014


Adventure server 0.1.0 started on Tue Dec  9 21:50:29 2014

Server paused by admin.
Server unpaused by admin.
Shut down by admin.
Server closed on Tue Dec  9 21:50:40 2014


Adventure server 0.1.0 started on Tue Dec  9 22:03:11 2014

Close signal detected.
Server closed on Tue Dec  9 22:03:26 2014


Adventure server 0.1.0 started on Wed Dec 10 17:22:42 2014

Shut down by admin.
Server closed on Wed Dec 10 17:23:10 2014


Adventure server 0.1.0 started on Wed Dec 10 17:24:51 2014

Shut down by admin.
Server closed on Wed Dec 10 17:24:53 2014


Adventure server 0.1.0 started on Wed Dec 10 17:25:47 2014

Close signal detected.
Server closed on Wed Dec 10 17:25:57 2014


Adventure server 0.1.0 started on Wed Dec 10 17:27:09 2014

Close signal detected.
Server closed on Wed Dec 10 17:27:14 2014


Adventure server 0.1.0 started on Wed Dec 10 18:51:13 2014

Close signal detected.
Server closed on Wed Dec 10 18:51:55 2014


Adventure server 0.1.0 started on Wed Dec 10 18:51:57 2014

Close signal detected.
Server closed on Wed Dec 10 18:52:22 2014


Adventure server 0.1.0 started on Wed Dec 10 18:52:39 2014

Close signal detected.
Server closed on Wed Dec 10 18:52:45 2014


Adventure server 0.1.0 started on Wed Dec 10 18:56:57 2014

Close signal detected.
Server closed on Wed Dec 10 18:57:41 2014


Adventure server 0.1.0 started on Wed Dec 10 18:57:43 2014

Close signal detected.
Server closed on Wed Dec 10 18:57:48 2014


Adventure server 0.1.0 started on Wed Dec 10 21:43:39 2014

Close signal detected.
Server closed on Wed Dec 10 21:44:08 2014


Adventure server 0.1.0 started on Wed Dec 10 21:44:10 2014

Close signal detected.
Server closed on Wed Dec 10 21:51:00 2014


Adventure server 0.1.0 started on Wed Dec 10 21:51:03 2014

Close signal detected.
Server closed on Wed Dec 10 21:51:49 2014


Adventure server 0.1.0 started on Wed Dec 10 21:52:00 2014

Shut down by admin.
Server closed on Wed Dec 10 21:52:17 2014


Adventure server 0.1.0 started on Wed Dec 10 21:57:20 2014

Close signal detected.
Server closed on Wed Dec 10 21:59:09 2014


Adventure server 0.1.0 started on Wed Dec 10 21:59:11 2014

Close signal detected.
Server closed on Wed Dec 10 22:00:21 2014


Adventure server 0.1.0 started on Wed Dec 10 22:00:23 2014

Close signal detected.
Server closed on Wed Dec 10 22:01:11 2014


Adventure server 0.1.0 started on Wed Dec 10 22:21:04 2014

Server paused by lszabi.
Server unpaused by lszabi.
Close signal detected.
Server closed on Wed Dec 10 22:23:36 2014


Adventure server 0.1.0 started on Wed Dec 10 22:23:40 2014

Shut down by lszabi.
Server closed on Wed Dec 10 22:24:28 2014


Adventure server 0.1.0 started on Wed Dec 10 22:43:52 2014

Shut down by lszabi.
Server closed on Wed Dec 10 22:45:19 2014


Adventure server 0.1.0 started on Thu Dec 11 18:37:01 2014

Close signal detected.
Server closed on Thu Dec 11 18:37:13 2014


Adventure server 0.1.0 started on Thu Dec 11 18:37:26 2014

Close signal detected.
Server closed on Thu Dec 11 18:40:29 2014


Adventure server 0.1.0 started on Thu Dec 11 18:46:14 2014

Shut down by admin.
Server closed on Thu Dec 11 18:46:28 2014


Adventure server 0.1.0 started on Thu Dec 11 19:01:31 2014

Shut down by admin.
Server closed on Thu Dec 11 19:01:41 2014


Adventure server 0.1.0 started on Mon Dec 15 17:53:48 2014

Shut down by admin.
Server closed on Mon Dec 15 17:54:36 2014


Adventure server 0.1.0 started on Mon Dec 15 17:54:41 2014

Close signal detected.
Server closed on Mon Dec 15 17:55:48 2014


Adventure server 0.1.0 started on Mon Dec 15 17:56:05 2014

Shut down by admin.
Server closed on Mon Dec 15 17:57:05 2014


Adventure server 0.1.0 started on Mon Dec 15 18:22:42 2014

Sent 0xaa10 packet in stage 2.
Sent 0xa4d0 packet in stage 2.
Close signal detected.
Server closed on Mon Dec 15 18:37:22 2014


Adventure server 0.1.0 started on Mon Dec 15 18:42:00 2014

Sent 0x3990 packet in stage 2.
Close signal detected.
Server closed on Mon Dec 15 18:42:30 2014


Adventure server 0.1.0 started on Mon Dec 15 18:42:41 2014

Close signal detected.
Server closed on Mon Dec 15 18:42:49 2014


Adventure server 0.1.0 started on Mon Dec 15 18:57:20 2014

Shut down by admin.
Server closed on Mon Dec 15 18:57:28 2014


Adventure server 0.1.0 started on Mon Dec 15 20:45:37 2014

Shut down by lszabi.
Server closed on Mon Dec 15 20:46:36 2014


Adventure server 0.1.0 started on Mon Dec 15 20:47:13 2014

Shut down by admin.
Server closed on Mon Dec 15 20:47:23 2014


Adventure server 0.1.0 started on Mon Dec 15 20:49:29 2014

Close signal detected.
Server closed on Mon Dec 15 20:49:42 2014


Adventure server 0.1.0 started on Mon Dec 15 20:52:07 2014

Shut down by lszabi.
Server closed on Mon Dec 15 20:54:34 2014


Adventure server 0.1.0 started on Mon Dec 15 22:04:18 2014

Close signal detected.
Server closed on Mon Dec 15 22:05:16 2014


Adventure server 0.1.0 started on Mon Dec 15 22:05:19 2014

Close signal detected.
Server closed on Mon Dec 15 22:06:17 2014


Adventure server 0.1.0 started on Mon Dec 15 22:06:47 2014

Close signal detected.
Server closed on Mon Dec 15 22:07:30 2014


Adventure server 0.1.0 started on Mon Dec 15 22:11:22 2014

Close signal detected.
Server closed on Mon Dec 15 22:11:37 2014


Adventure server 0.1.0 started on Mon Dec 15 22:11:41 2014

Close signal detected.
Server closed on Mon Dec 15 22:11:43 2014


Adventure server 0.1.0 started on Mon Dec 15 22:13:06 2014

Close signal detected.
Server closed on Mon Dec 15 22:13:13 2014


Adventure server 0.1.0 started on Mon Dec 15 22:13:46 2014

Shut down by admin.
Server closed on Mon Dec 15 22:14:27 2014


Adventure server 0.1.0 started on Mon Dec 15 22:14:31 2014

Shut down by lszabi.
Server closed on Mon Dec 15 22:14:40 2014


Adventure server 0.1.0 started on Mon Dec 15 22:14:45 2014

Close signal detected.
Server closed on Mon Dec 15 22:16:57 2014


Adventure server 0.1.0 started on Mon Dec 15 22:28:42 2014

Close signal detected.
Server closed on Mon Dec 15 22:28:54 2014


Adventure server 0.1.0 started on Mon Dec 15 22:28:55 2014

Close signal detected.
Server closed on Mon Dec 15 22:28:59 2014


Adventure server 0.1.0 started on Tue Dec 16 15:18:13 2014

Close signal detected.
Server closed on Tue Dec 16 15:22:11 2014


Adventure server 0.1.0 started on Tue Dec 16 15:22:19 2014

Shut down by admin.
Server closed on Tue Dec 16 15:23:50 2014


Adventure server 0.1.0 started on Tue Dec 16 15:54:12 2014

Close signal detected.
Server closed on Tue Dec 16 15:54:44 2014


Adventure server 0.1.0 started on Tue Dec 16 15:54:46 2014

Close signal detected.
Server closed on Tue Dec 16 15:54:51 2014


Adventure server 0.1.0 started on Tue Dec 16 15:56:52 2014

Sent 0x5 packet in stage 2.
Close signal detected.
Server closed on Tue Dec 16 15:58:55 2014


Adventure server 0.1.0 started on Tue Dec 16 15:58:57 2014

Shut down by lszabi.
Server closed on Tue Dec 16 16:00:09 2014


Adventure server 0.1.0 started on Tue Dec 16 16:17:42 2014

Shut down by lszabi.
Server closed on Tue Dec 16 16:18:18 2014


Adventure server 0.1.0 started on Tue Dec 16 17:48:04 2014

Close signal detected.
Server closed on Tue Dec 16 17:49:17 2014


Adventure server 0.1.0 started on Tue Dec 16 18:03:25 2014

Close signal detected.
Server closed on Tue Dec 16 18:03:34 2014


Adventure server 0.1.0 started on Tue Dec 16 18:06:33 2014

Adventure server 0.1.0 started on Tue Dec 16 18:08:20 2014

Adventure server 0.1.0 started on Tue Dec 16 18:11:58 2014

Adventure server 0.1.0 started on Tue Dec 16 18:17:20 2014

Shut down by lszabi.
Server closed on Tue Dec 16 18:20:23 2014


Adventure server 0.1.0 started on Tue Dec 16 18:20:26 2014

Shut down by lszabi.
Server closed on Tue Dec 16 18:20:57 2014


Adventure server 0.1.0 started on Thu Dec 18 15:27:44 2014

Shut down by admin.
Server closed on Thu Dec 18 15:31:15 2014


Adventure server 0.1.0 started on Thu Dec 18 16:16:27 2014

Server paused by admin.
Server unpaused by admin.
Shut down by admin.
Server closed on Thu Dec 18 16:17:12 2014


Adventure server 0.1.0 started on Thu Dec 18 16:17:45 2014

Shut down by admin.
Server closed on Thu Dec 18 16:18:06 2014


Adventure server 0.1.0 started on Thu Dec 18 16:18:27 2014

Shut down by admin.
Server closed on Thu Dec 18 16:18:45 2014


Adventure server 0.1.0 started on Thu Dec 18 16:18:58 2014

Shut down by admin.
Server closed on Thu Dec 18 16:19:24 2014


Adventure server 0.1.0 started on Thu Dec 18 16:19:29 2014

Close signal detected.
Server closed on Thu Dec 18 16:20:38 2014


Adventure server 0.1.0 started on Thu Dec 18 16:20:53 2014

Close signal detected.
Server closed on Thu Dec 18 16:21:14 2014


Adventure server 0.1.0 started on Thu Dec 18 16:52:49 2014

Sent 0x5 packet in stage 2.
Close signal detected.
Server closed on Thu Dec 18 16:54:09 2014


Adventure server 0.1.0 started on Thu Dec 18 16:54:12 2014

Shut down by admin.
Server closed on Thu Dec 18 16:54:45 2014


Adventure server 0.1.0 started on Thu Dec 18 16:55:44 2014

Shut down by lszabi.
Server closed on Thu Dec 18 16:57:23 2014


Adventure server 0.1.0 started on Thu Dec 18 17:01:13 2014

Shut down by lszabi.
Server closed on Thu Dec 18 17:01:20 2014


Adventure server 0.1.0 started on Thu Dec 18 17:23:59 2014

Shut down by admin.
Server closed on Thu Dec 18 17:24:21 2014


Adventure server 0.1.0 started on Thu Dec 18 17:47:44 2014

Shut down by admin.
Server closed on Thu Dec 18 17:48:49 2014


Adventure server 0.1.0 started on Thu Dec 18 17:49:32 2014

Close signal detected.
Server closed on Thu Dec 18 17:49:41 2014


Adventure server 0.1.0 started on Thu Dec 18 17:49:43 2014

Close signal detected.
Server closed on Thu Dec 18 17:49:44 2014


Adventure server 0.1.0 started on Thu Dec 18 17:49:47 2014

Close signal detected.
Server closed on Thu Dec 18 17:49:47 2014


Adventure server 0.1.0 started on Thu Dec 18 17:49:52 2014

Shut down by admin.
Server closed on Thu Dec 18 17:50:13 2014


Adventure server 0.1.0 started on Wed Jan 07 13:49:53 2015

Couldn't create player: database backup failed.
Shut down by admin.
Server closed on Wed Jan 07 13:51:00 2015


Adventure server 0.1.0 started on Wed Jan 07 13:55:25 2015

Shut down by admin.
Server closed on Wed Jan 07 13:55:29 2015


Adventure server 0.1.0 started on Wed Jan 07 15:12:33 2015

Shut down by admin.
Server closed on Wed Jan 07 15:12:39 2015


Adventure server 0.1.0 started on Mon Jan 12 15:29:13 2015

Shut down by lszabi.
Server closed on Mon Jan 12 15:32:31 2015


Adventure server 0.1.0 started on Mon Jan 12 15:34:51 2015

Shut down by admin.
Server closed on Mon Jan 12 15:34:54 2015


Adventure server 0.1.0 started on Mon Jan 12 15:35:49 2015

Shut down by admin.
Server closed on Mon Jan 12 15:36:14 2015


Adventure server 0.1.0 started on Mon Jan 12 15:36:21 2015

Close signal detected.
Server closed on Mon Jan 12 15:36:34 2015


Adventure server 0.1.0 started on Mon Jan 12 15:38:52 2015

Shut down by lszabi.
Server closed on Mon Jan 12 15:40:42 2015


Adventure server 0.1.0 started on Wed Jan 14 14:37:11 2015

Shut down by lszabi.
Server closed on Wed Jan 14 14:38:47 2015


Adventure server 0.1.0 started on Wed Jan 14 14:42:35 2015

Shut down by lszabi.
Server closed on Wed Jan 14 14:42:42 2015


Adventure server 0.1.0 started on Wed Jan 14 14:42:56 2015

Shut down by lszabi.
Server closed on Wed Jan 14 14:43:03 2015


Adventure server 0.2.0 started on Tue Jan 20 18:26:55 2015

Shut down by admin.
Server closed on Tue Jan 20 18:26:57 2015


Adventure server 0.2.0 started on Tue Jan 20 18:33:32 2015

Shut down by admin.
Server closed on Tue Jan 20 18:36:59 2015


Adventure server 0.2.0 started on Tue Jan 20 18:38:16 2015

Shut down by admin.
Server closed on Tue Jan 20 18:53:27 2015


Adventure server 0.2.0 started on Tue Jan 20 18:54:03 2015

Shut down by admin.
Server closed on Tue Jan 20 18:57:15 2015


Adventure server 0.2.0 started on Tue Jan 20 18:57:24 2015

Shut down by admin.
Server closed on Tue Jan 20 18:59:21 2015


Adventure server 0.2.0 started on Tue Jan 20 19:02:45 2015

Shut down by admin.
Server closed on Tue Jan 20 19:03:14 2015


Adventure server 0.2.0 started on Tue Mar 17 14:08:39 2015

Close signal detected.
Server closed on Tue Mar 17 14:13:18 2015


Adventure server 0.2.0 started on Tue Mar 17 17:51:50 2015

Close signal detected.
Server closed on Tue Mar 17 17:52:05 2015


Adventure server 0.2.0 started on Thu Mar 19 16:43:19 2015

Close signal detected.
Server closed on Thu Mar 19 16:57:53 2015


Adventure server 0.2.0 started on Thu Mar 19 16:58:03 2015

Close signal detected.
Server closed on Thu Mar 19 17:00:07 2015


Adventure server 0.2.0 started on Thu Mar 19 17:00:11 2015

Close signal detected.
Server closed on Thu Mar 19 17:08:49 2015


Adventure server 0.2.0 started on Thu Mar 19 17:09:20 2015

Close signal detected.
Server closed on Thu Mar 19 17:10:54 2015


Adventure server 0.2.0 started on Thu Mar 19 17:11:36 2015

Close signal detected.
Server closed on Thu Mar 19 17:13:42 2015


Adventure server 0.2.0 started on Thu Mar 19 17:14:31 2015

Close signal detected.
Server closed on Thu Mar 19 17:18:41 2015


Adventure server 0.2.0 started on Thu Mar 19 17:18:44 2015

Close signal detected.
Server closed on Thu Mar 19 17:20:58 2015


Adventure server 0.2.0 started on Thu Mar 19 17:21:06 2015

Close signal detected.
Server closed on Thu Mar 19 17:22:55 2015


Adventure server 0.2.0 started on Thu Mar 19 17:23:01 2015

Close signal detected.
Server closed on Thu Mar 19 18:11:00 2015


Adventure server 0.2.0 started on Thu Mar 19 18:12:09 2015

Sent 0x5 packet in stage 2.
Close signal detected.
Server closed on Thu Mar 19 18:13:19 2015


Adventure server 0.2.0 started on Thu Mar 19 18:17:08 2015

Sent 0x5 packet in stage 2.
Close signal detected.
Server closed on Thu Mar 19 18:19:17 2015


Adventure server 0.2.0 started on Thu Mar 19 18:19:19 2015

Close signal detected.
Server closed on Thu Mar 19 18:22:24 2015


Adventure server 0.2.0 started on Thu Mar 19 18:22:26 2015

Close signal detected.
Server closed on Thu Mar 19 18:23:13 2015


Adventure server 0.2.0 started on Thu Mar 19 18:23:15 2015

Close signal detected.
Server closed on Thu Mar 19 18:24:14 2015


Adventure server 0.2.0 started on Thu Mar 19 18:24:15 2015

Close signal detected.
Server closed on Thu Mar 19 18:24:16 2015


Adventure server 0.2.0 started on Thu Mar 19 18:24:19 2015

Close signal detected.
Server closed on Thu Mar 19 18:25:00 2015


Adventure server 0.2.0 started on Thu Mar 19 18:40:43 2015

Shut down by admin.
Server closed on Thu Mar 19 18:43:30 2015


Adventure server 0.2.0 started on Fri Mar 20 08:45:12 2015

Shut down by lszabi.
Server closed on Fri Mar 20 08:45:35 2015


Adventure server 0.2.0 started on Fri Mar 20 08:48:36 2015

Shut down by admin.
Server closed on Fri Mar 20 08:49:03 2015


Adventure server 0.2.0 started on Fri Mar 20 08:53:44 2015

Close signal detected.
Server closed on Fri Mar 20 08:53:58 2015


Adventure server 0.2.0 started on Fri Mar 20 08:55:57 2015

Shut down by lszabi.
Server closed on Fri Mar 20 08:56:15 2015


Adventure server 0.2.0 started on Fri Mar 20 08:56:19 2015

Shut down by admin.
Server closed on Fri Mar 20 08:56:47 2015


Adventure server 0.2.0 started on Fri Mar 20 08:56:49 2015

Shut down by lszabi.
Server closed on Fri Mar 20 08:57:01 2015


Adventure server 0.2.0 started on Fri Mar 20 08:57:05 2015

Shut down by lszabi.
Server closed on Fri Mar 20 08:57:24 2015


Adventure server 0.2.0 started on Fri Mar 20 08:57:33 2015

Close signal detected.
Server closed on Fri Mar 20 08:57:54 2015


Adventure server 0.2.0 started on Fri Mar 20 08:57:59 2015

Shut down by admin.
Server closed on Fri Mar 20 08:58:34 2015


Adventure server 0.2.0 started on Fri Mar 20 08:58:36 2015

Shut down by lszabi.
Server closed on Fri Mar 20 08:58:56 2015


Adventure server 0.2.0 started on Fri Mar 20 08:59:54 2015

Shut down by lszabi.
Server closed on Fri Mar 20 09:00:21 2015


Adventure server 0.2.0 started on Fri Mar 20 09:00:28 2015

Close signal detected.
Server closed on Fri Mar 20 09:00:54 2015


Adventure server 0.2.0 started on Fri Mar 20 09:00:56 2015

Shut down by admin.
Server closed on Fri Mar 20 09:05:51 2015


Adventure server 0.2.0 started on Fri Mar 20 09:14:17 2015

Shut down by lszabi.
Server closed on Fri Mar 20 09:20:31 2015


Adventure server 0.2.0 started on Fri Mar 20 09:21:02 2015

Shut down by admin.
Server closed on Fri Mar 20 09:24:38 2015


Adventure server 0.2.0 started on Fri Mar 20 09:24:41 2015

Shut down by lszabi.
Server closed on Fri Mar 20 09:25:07 2015


Adventure server 0.2.0 started on Tue May 29 17:00:18 2018

Shut down by admin.
Server closed on Tue May 29 17:08:31 2018


